\BOOKMARK [0][-]{chapter.1}{Significance\040of\040the\040Study}{}% 1
\BOOKMARK [1][-]{section.1.1}{Claims\040about\040need\040to\040join\040the\040worlds\040of\040theory\040and\040pedagogy}{chapter.1}% 2
\BOOKMARK [1][-]{section.1.2}{Chapter\040Overview}{chapter.1}% 3
\BOOKMARK [0][-]{chapter.2}{Theoretical\040Background\040and\040Rationale}{}% 4
\BOOKMARK [1][-]{section.2.1}{What\040is\040melodic\040dictation?\040and\040Why?}{chapter.2}% 5
\BOOKMARK [1][-]{section.2.2}{Individual\040Factors}{chapter.2}% 6
\BOOKMARK [1][-]{section.2.3}{Musical\040Parameters}{chapter.2}% 7
\BOOKMARK [1][-]{section.2.4}{Modeling\040and\040Polymorphism\040of\040Ability}{chapter.2}% 8
\BOOKMARK [1][-]{section.2.5}{Conclusions}{chapter.2}% 9
\BOOKMARK [0][-]{chapter.3}{Individual\040Differences}{}% 10
\BOOKMARK [1][-]{section.3.1}{Rationale}{chapter.3}% 11
\BOOKMARK [1][-]{section.3.2}{Individual\040Differences}{chapter.3}% 12
\BOOKMARK [1][-]{section.3.3}{Overview\040of\040Experiment}{chapter.3}% 13
\BOOKMARK [0][-]{chapter.4}{Computation\040Chapter}{}% 14
\BOOKMARK [1][-]{section.4.1}{Rationale}{chapter.4}% 15
\BOOKMARK [1][-]{section.4.2}{Agreeing\040on\040Complexity}{chapter.4}% 16
\BOOKMARK [1][-]{section.4.3}{Modeling\040Complexity}{chapter.4}% 17
\BOOKMARK [1][-]{section.4.4}{Frequency\040Facilitation\040Hypothesis}{chapter.4}% 18
\BOOKMARK [1][-]{section.4.5}{Chapter\040Conclusions}{chapter.4}% 19
\BOOKMARK [0][-]{chapter.5}{Hello,\040Corpus}{}% 20
\BOOKMARK [1][-]{section.5.1}{Brief\040review\040of\040Chapter\0404\040on\040corpus\040\(Language\040to\040reflect\040journal\040submission\)}{chapter.5}% 21
\BOOKMARK [1][-]{section.5.2}{Note\040problem\040with\040using\040corpus\040is\040making\040corpus}{chapter.5}% 22
\BOOKMARK [1][-]{section.5.3}{Solem\040duty\040to\040encode\040and\040report\040on\040corpus}{chapter.5}% 23
\BOOKMARK [1][-]{section.5.4}{The\040Corpus}{chapter.5}% 24
\BOOKMARK [1][-]{section.5.5}{Descriptive\040Stats\040of\040Corpus}{chapter.5}% 25
\BOOKMARK [0][-]{chapter.6}{Experiments}{}% 26
\BOOKMARK [1][-]{section.6.1}{Rationale}{chapter.6}% 27
\BOOKMARK [1][-]{section.6.2}{Experiments}{chapter.6}% 28
\BOOKMARK [0][-]{chapter.7}{Computational\040Model}{}% 29
\BOOKMARK [1][-]{section.7.1}{Levels\040of\040Abstraction}{chapter.7}% 30
\BOOKMARK [1][-]{section.7.2}{Model\040Overview}{chapter.7}% 31
\BOOKMARK [1][-]{section.7.3}{Verbal\040Model}{chapter.7}% 32
\BOOKMARK [1][-]{section.7.4}{Formal\040Model}{chapter.7}% 33
\BOOKMARK [1][-]{section.7.5}{Conclusions}{chapter.7}% 34
\BOOKMARK [0][-]{chapter.8}{Reference\040Log}{}% 35
\BOOKMARK [1][-]{section.8.1}{To\040Incorporate}{chapter.8}% 36
\BOOKMARK [1][-]{section.8.2}{Chapter\0403}{chapter.8}% 37
