This is XeTeX, Version 3.14159265-2.6-0.99998 (TeX Live 2017) (preloaded format=xelatex 2017.5.23)  21 JAN 2019 11:26
entering extended mode
 restricted \write18 enabled.
 %&-line parsing enabled.
**mmd-draft-djb.tex
(./mmd-draft-djb.tex
LaTeX2e <2017-04-15>
Babel <3.10> and hyphenation patterns for 84 language(s) loaded.
(/usr/local/texlive/2017/texmf-dist/tex/latex/base/book.cls
Document Class: book 2014/09/29 v1.4h Standard LaTeX document class
(/usr/local/texlive/2017/texmf-dist/tex/latex/base/bk10.clo
File: bk10.clo 2014/09/29 v1.4h Standard LaTeX file (size option)
)
\c@part=\count79
\c@chapter=\count80
\c@section=\count81
\c@subsection=\count82
\c@subsubsection=\count83
\c@paragraph=\count84
\c@subparagraph=\count85
\c@figure=\count86
\c@table=\count87
\abovecaptionskip=\skip41
\belowcaptionskip=\skip42
\bibindent=\dimen102
) (/usr/local/texlive/2017/texmf-dist/tex/latex/lm/lmodern.sty
Package: lmodern 2009/10/30 v1.6 Latin Modern Fonts
LaTeX Font Info:    Overwriting symbol font `operators' in version `normal'
(Font)                  OT1/cmr/m/n --> OT1/lmr/m/n on input line 22.
LaTeX Font Info:    Overwriting symbol font `letters' in version `normal'
(Font)                  OML/cmm/m/it --> OML/lmm/m/it on input line 23.
LaTeX Font Info:    Overwriting symbol font `symbols' in version `normal'
(Font)                  OMS/cmsy/m/n --> OMS/lmsy/m/n on input line 24.
LaTeX Font Info:    Overwriting symbol font `largesymbols' in version `normal'
(Font)                  OMX/cmex/m/n --> OMX/lmex/m/n on input line 25.
LaTeX Font Info:    Overwriting symbol font `operators' in version `bold'
(Font)                  OT1/cmr/bx/n --> OT1/lmr/bx/n on input line 26.
LaTeX Font Info:    Overwriting symbol font `letters' in version `bold'
(Font)                  OML/cmm/b/it --> OML/lmm/b/it on input line 27.
LaTeX Font Info:    Overwriting symbol font `symbols' in version `bold'
(Font)                  OMS/cmsy/b/n --> OMS/lmsy/b/n on input line 28.
LaTeX Font Info:    Overwriting symbol font `largesymbols' in version `bold'
(Font)                  OMX/cmex/m/n --> OMX/lmex/m/n on input line 29.
LaTeX Font Info:    Overwriting math alphabet `\mathbf' in version `normal'
(Font)                  OT1/cmr/bx/n --> OT1/lmr/bx/n on input line 31.
LaTeX Font Info:    Overwriting math alphabet `\mathsf' in version `normal'
(Font)                  OT1/cmss/m/n --> OT1/lmss/m/n on input line 32.
LaTeX Font Info:    Overwriting math alphabet `\mathit' in version `normal'
(Font)                  OT1/cmr/m/it --> OT1/lmr/m/it on input line 33.
LaTeX Font Info:    Overwriting math alphabet `\mathtt' in version `normal'
(Font)                  OT1/cmtt/m/n --> OT1/lmtt/m/n on input line 34.
LaTeX Font Info:    Overwriting math alphabet `\mathbf' in version `bold'
(Font)                  OT1/cmr/bx/n --> OT1/lmr/bx/n on input line 35.
LaTeX Font Info:    Overwriting math alphabet `\mathsf' in version `bold'
(Font)                  OT1/cmss/bx/n --> OT1/lmss/bx/n on input line 36.
LaTeX Font Info:    Overwriting math alphabet `\mathit' in version `bold'
(Font)                  OT1/cmr/bx/it --> OT1/lmr/bx/it on input line 37.
LaTeX Font Info:    Overwriting math alphabet `\mathtt' in version `bold'
(Font)                  OT1/cmtt/m/n --> OT1/lmtt/m/n on input line 38.
) (/usr/local/texlive/2017/texmf-dist/tex/latex/amsfonts/amssymb.sty
Package: amssymb 2013/01/14 v3.01 AMS font symbols
(/usr/local/texlive/2017/texmf-dist/tex/latex/amsfonts/amsfonts.sty
Package: amsfonts 2013/01/14 v3.01 Basic AMSFonts support
\@emptytoks=\toks14
\symAMSa=\mathgroup4
\symAMSb=\mathgroup5
LaTeX Font Info:    Overwriting math alphabet `\mathfrak' in version `bold'
(Font)                  U/euf/m/n --> U/euf/b/n on input line 106.
)) (/usr/local/texlive/2017/texmf-dist/tex/latex/amsmath/amsmath.sty
Package: amsmath 2016/11/05 v2.16a AMS math features
\@mathmargin=\skip43
For additional information on amsmath, use the `?' option.
(/usr/local/texlive/2017/texmf-dist/tex/latex/amsmath/amstext.sty
Package: amstext 2000/06/29 v2.01 AMS text
(/usr/local/texlive/2017/texmf-dist/tex/latex/amsmath/amsgen.sty
File: amsgen.sty 1999/11/30 v2.0 generic functions
\@emptytoks=\toks15
\ex@=\dimen103
)) (/usr/local/texlive/2017/texmf-dist/tex/latex/amsmath/amsbsy.sty
Package: amsbsy 1999/11/29 v1.2d Bold Symbols
\pmbraise@=\dimen104
) (/usr/local/texlive/2017/texmf-dist/tex/latex/amsmath/amsopn.sty
Package: amsopn 2016/03/08 v2.02 operator names
)
\inf@bad=\count88
LaTeX Info: Redefining \frac on input line 213.
\uproot@=\count89
\leftroot@=\count90
LaTeX Info: Redefining \overline on input line 375.
\classnum@=\count91
\DOTSCASE@=\count92
LaTeX Info: Redefining \ldots on input line 472.
LaTeX Info: Redefining \dots on input line 475.
LaTeX Info: Redefining \cdots on input line 596.
\Mathstrutbox@=\box26
\strutbox@=\box27
\big@size=\dimen105
LaTeX Font Info:    Redeclaring font encoding OML on input line 712.
LaTeX Font Info:    Redeclaring font encoding OMS on input line 713.
\macc@depth=\count93
\c@MaxMatrixCols=\count94
\dotsspace@=\muskip10
\c@parentequation=\count95
\dspbrk@lvl=\count96
\tag@help=\toks16
\row@=\count97
\column@=\count98
\maxfields@=\count99
\andhelp@=\toks17
\eqnshift@=\dimen106
\alignsep@=\dimen107
\tagshift@=\dimen108
\tagwidth@=\dimen109
\totwidth@=\dimen110
\lineht@=\dimen111
\@envbody=\toks18
\multlinegap=\skip44
\multlinetaggap=\skip45
\mathdisplay@stack=\toks19
LaTeX Info: Redefining \[ on input line 2817.
LaTeX Info: Redefining \] on input line 2818.
) (/usr/local/texlive/2017/texmf-dist/tex/generic/ifxetex/ifxetex.sty
Package: ifxetex 2010/09/12 v0.6 Provides ifxetex conditional
) (/usr/local/texlive/2017/texmf-dist/tex/generic/oberdiek/ifluatex.sty
Package: ifluatex 2016/05/16 v1.4 Provides the ifluatex switch (HO)
Package ifluatex Info: LuaTeX not detected.
) (/usr/local/texlive/2017/texmf-dist/tex/latex/base/fixltx2e.sty
Package: fixltx2e 2016/12/29 v2.1a fixes to LaTeX (obsolete)
Applying: [2015/01/01] Old fixltx2e package on input line 46.

Package fixltx2e Warning: fixltx2e is not required with releases after 2015
(fixltx2e)                All fixes are now in the LaTeX kernel.
(fixltx2e)                See the latexrelease package for details.

Already applied: [0000/00/00] Old fixltx2e package on input line 53.
) (/usr/local/texlive/2017/texmf-dist/tex/xelatex/mathspec/mathspec.sty
Package: mathspec 2016/12/22 v0.2b LaTeX Package (Mathematics font selection fo
r XeLaTeX)
(/usr/local/texlive/2017/texmf-dist/tex/latex/etoolbox/etoolbox.sty
Package: etoolbox 2017/01/02 v2.4 e-TeX tools for LaTeX (JAW)
\etb@tempcnta=\count100
) (/usr/local/texlive/2017/texmf-dist/tex/latex/fontspec/fontspec.sty (/usr/loc
al/texlive/2017/texmf-dist/tex/latex/l3kernel/expl3.sty
Package: expl3 2017/05/13 L3 programming layer (loader) 
(/usr/local/texlive/2017/texmf-dist/tex/latex/l3kernel/expl3-code.tex
Package: expl3 2017/05/13 L3 programming layer (code)
\c_max_int=\count101
\l_tmpa_int=\count102
\l_tmpb_int=\count103
\g_tmpa_int=\count104
\g_tmpb_int=\count105
\g__prg_map_int=\count106
\c_log_iow=\count107
\l_iow_line_count_int=\count108
\l__iow_line_target_int=\count109
\l__iow_one_indent_int=\count110
\l__iow_indent_int=\count111
\c_zero_dim=\dimen112
\c_max_dim=\dimen113
\l_tmpa_dim=\dimen114
\l_tmpb_dim=\dimen115
\g_tmpa_dim=\dimen116
\g_tmpb_dim=\dimen117
\c_zero_skip=\skip46
\c_max_skip=\skip47
\l_tmpa_skip=\skip48
\l_tmpb_skip=\skip49
\g_tmpa_skip=\skip50
\g_tmpb_skip=\skip51
\c_zero_muskip=\muskip11
\c_max_muskip=\muskip12
\l_tmpa_muskip=\muskip13
\l_tmpb_muskip=\muskip14
\g_tmpa_muskip=\muskip15
\g_tmpb_muskip=\muskip16
\l_keys_choice_int=\count112
\c__fp_leading_shift_int=\count113
\c__fp_middle_shift_int=\count114
\c__fp_trailing_shift_int=\count115
\c__fp_big_leading_shift_int=\count116
\c__fp_big_middle_shift_int=\count117
\c__fp_big_trailing_shift_int=\count118
\c__fp_Bigg_leading_shift_int=\count119
\c__fp_Bigg_middle_shift_int=\count120
\c__fp_Bigg_trailing_shift_int=\count121
\l__sort_length_int=\count122
\l__sort_min_int=\count123
\l__sort_top_int=\count124
\l__sort_max_int=\count125
\l__sort_true_max_int=\count126
\l__sort_block_int=\count127
\l__sort_begin_int=\count128
\l__sort_end_int=\count129
\l__sort_A_int=\count130
\l__sort_B_int=\count131
\l__sort_C_int=\count132
\c_empty_box=\box28
\l_tmpa_box=\box29
\l_tmpb_box=\box30
\g_tmpa_box=\box31
\g_tmpb_box=\box32
\l__box_top_dim=\dimen118
\l__box_bottom_dim=\dimen119
\l__box_left_dim=\dimen120
\l__box_right_dim=\dimen121
\l__box_top_new_dim=\dimen122
\l__box_bottom_new_dim=\dimen123
\l__box_left_new_dim=\dimen124
\l__box_right_new_dim=\dimen125
\l__box_internal_box=\box33
\l__coffin_internal_box=\box34
\l__coffin_internal_dim=\dimen126
\l__coffin_offset_x_dim=\dimen127
\l__coffin_offset_y_dim=\dimen128
\l__coffin_x_dim=\dimen129
\l__coffin_y_dim=\dimen130
\l__coffin_x_prime_dim=\dimen131
\l__coffin_y_prime_dim=\dimen132
\c_empty_coffin=\box35
\l__coffin_aligned_coffin=\box36
\l__coffin_aligned_internal_coffin=\box37
\l_tmpa_coffin=\box38
\l_tmpb_coffin=\box39
\l__coffin_display_coffin=\box40
\l__coffin_display_coord_coffin=\box41
\l__coffin_display_pole_coffin=\box42
\l__coffin_display_offset_dim=\dimen133
\l__coffin_display_x_dim=\dimen134
\l__coffin_display_y_dim=\dimen135
\l__coffin_bounding_shift_dim=\dimen136
\l__coffin_left_corner_dim=\dimen137
\l__coffin_right_corner_dim=\dimen138
\l__coffin_bottom_corner_dim=\dimen139
\l__coffin_top_corner_dim=\dimen140
\l__coffin_scaled_total_height_dim=\dimen141
\l__coffin_scaled_width_dim=\dimen142
) (/usr/local/texlive/2017/texmf-dist/tex/latex/l3kernel/l3xdvipdfmx.def
File: l3xdvidpfmx.def 2017/03/18 v L3 Experimental driver: xdvipdfmx
\l__driver_tmp_box=\box43
)) (/usr/local/texlive/2017/texmf-dist/tex/latex/l3packages/xparse/xparse.sty
Package: xparse 2017/05/13 L3 Experimental document command parser
\l__xparse_current_arg_int=\count133
\g__xparse_grabber_int=\count134
\l__xparse_m_args_int=\count135
\l__xparse_mandatory_args_int=\count136
\l__xparse_v_nesting_int=\count137
)
Package: fontspec 2017/03/31 v2.6a Font selection for XeLaTeX and LuaLaTeX
(/usr/local/texlive/2017/texmf-dist/tex/latex/fontspec/fontspec-xetex.sty
Package: fontspec-xetex 2017/03/31 v2.6a Font selection for XeLaTeX and LuaLaTe
X
\l__fontspec_script_int=\count138
\l__fontspec_language_int=\count139
\l__fontspec_strnum_int=\count140
\l__fontspec_tmp_int=\count141
\l__fontspec_em_int=\count142
\l__fontspec_emdef_int=\count143
\l__fontspec_strong_int=\count144
\l__fontspec_strongdef_int=\count145
\l__fontspec_tmpa_dim=\dimen143
\l__fontspec_tmpb_dim=\dimen144
\l__fontspec_tmpc_dim=\dimen145
\g__file_internal_ior=\read1
(/usr/local/texlive/2017/texmf-dist/tex/latex/base/fontenc.sty
Package: fontenc 2017/04/05 v2.0i Standard LaTeX package
(/usr/local/texlive/2017/texmf-dist/tex/latex/base/tuenc.def
File: tuenc.def 2017/04/05 v2.0i Standard LaTeX file
LaTeX Font Info:    Redeclaring font encoding TU on input line 82.
))
.................................................
. LaTeX info: "xparse/define-command"
. 
. Defining command \fontspec with sig. 'O{}mO{}' on line 472.
.................................................
.................................................
. LaTeX info: "xparse/define-command"
. 
. Defining command \setmainfont with sig. 'O{}mO{}' on line 483.
.................................................
.................................................
. LaTeX info: "xparse/define-command"
. 
. Defining command \setsansfont with sig. 'O{}mO{}' on line 503.
.................................................
.................................................
. LaTeX info: "xparse/define-command"
. 
. Defining command \setmonofont with sig. 'O{}mO{}' on line 523.
.................................................
.................................................
. LaTeX info: "xparse/define-command"
. 
. Defining command \setromanfont with sig. 'O{}mO{}' on line 543.
.................................................
.................................................
. LaTeX info: "xparse/define-command"
. 
. Defining command \setmathrm with sig. 'O{}mO{}' on line 547.
.................................................
.................................................
. LaTeX info: "xparse/define-command"
. 
. Defining command \setboldmathrm with sig. 'O{}mO{}' on line 555.
.................................................
.................................................
. LaTeX info: "xparse/define-command"
. 
. Defining command \setmathsf with sig. 'O{}mO{}' on line 563.
.................................................
.................................................
. LaTeX info: "xparse/define-command"
. 
. Defining command \setmathtt with sig. 'O{}mO{}' on line 571.
.................................................
.................................................
. LaTeX info: "xparse/define-command"
. 
. Defining command \newfontfamily with sig. 'mO{}mO{}' on line 586.
.................................................
.................................................
. LaTeX info: "xparse/define-command"
. 
. Defining command \newfontface with sig. 'mO{}mO{}' on line 603.
.................................................
.................................................
. LaTeX info: "xparse/define-command"
. 
. Defining command \defaultfontfeatures with sig. 't+om' on line 614.
.................................................
.................................................
. LaTeX info: "xparse/define-command"
. 
. Defining command \addfontfeatures with sig. 'm' on line 645.
.................................................
.................................................
. LaTeX info: "xparse/define-command"
. 
. Defining command \newfontfeature with sig. 'mm' on line 672.
.................................................
.................................................
. LaTeX info: "xparse/define-command"
. 
. Defining command \newAATfeature with sig. 'mmmm' on line 686.
.................................................
.................................................
. LaTeX info: "xparse/define-command"
. 
. Defining command \newopentypefeature with sig. 'mmm' on line 700.
.................................................
.................................................
. LaTeX info: "xparse/define-command"
. 
. Defining command \newICUfeature with sig. 'mmm' on line 720.
.................................................
.................................................
. LaTeX info: "xparse/define-command"
. 
. Defining command \aliasfontfeature with sig. 'mm' on line 724.
.................................................
.................................................
. LaTeX info: "xparse/define-command"
. 
. Defining command \aliasfontfeatureoption with sig. 'mmm' on line 745.
.................................................
.................................................
. LaTeX info: "xparse/define-command"
. 
. Defining command \newfontscript with sig. 'mm' on line 778.
.................................................
.................................................
. LaTeX info: "xparse/define-command"
. 
. Defining command \newfontlanguage with sig. 'mm' on line 782.
.................................................
.................................................
. LaTeX info: "xparse/define-command"
. 
. Defining command \DeclareFontsExtensions with sig. 'm' on line 786.
.................................................
.................................................
. LaTeX info: "xparse/define-command"
. 
. Defining command \IfFontFeatureActiveTF with sig. 'mmm' on line 797.
.................................................
.................................................
. LaTeX info: "xparse/define-command"
. 
. Defining command \EncodingCommand with sig. 'mO{}m' on line 3438.
.................................................
.................................................
. LaTeX info: "xparse/define-command"
. 
. Defining command \EncodingAccent with sig. 'mm' on line 3444.
.................................................
.................................................
. LaTeX info: "xparse/define-command"
. 
. Defining command \EncodingSymbol with sig. 'mm' on line 3450.
.................................................
.................................................
. LaTeX info: "xparse/define-command"
. 
. Defining command \EncodingComposite with sig. 'mmm' on line 3456.
.................................................
.................................................
. LaTeX info: "xparse/define-command"
. 
. Defining command \EncodingCompositeCommand with sig. 'mmm' on line 3462.
.................................................
.................................................
. LaTeX info: "xparse/define-command"
. 
. Defining command \DeclareUnicodeEncoding with sig. 'mm' on line 3487.
.................................................
.................................................
. LaTeX info: "xparse/define-command"
. 
. Defining command \UndeclareSymbol with sig. 'm' on line 3493.
.................................................
.................................................
. LaTeX info: "xparse/define-command"
. 
. Defining command \UndeclareComposite with sig. 'mm' on line 3501.
.................................................
(/usr/local/texlive/2017/texmf-dist/tex/latex/fontspec/fontspec.cfg)
LaTeX Info: Redefining \itshape on input line 3686.
LaTeX Info: Redefining \slshape on input line 3691.
LaTeX Info: Redefining \scshape on input line 3696.
LaTeX Info: Redefining \upshape on input line 3701.
LaTeX Info: Redefining \em on input line 3731.
LaTeX Info: Redefining \emph on input line 3756.
LaTeX Info: Redefining \- on input line 3807.
.................................................
. LaTeX info: "xparse/redefine-command"
. 
. Redefining command \oldstylenums with sig. 'm' on line 3902.
.................................................
.................................................
. LaTeX info: "xparse/define-command"
. 
. Defining command \liningnums with sig. 'm' on line 3906.
.................................................
)) (/usr/local/texlive/2017/texmf-dist/tex/latex/xkeyval/xkeyval.sty
Package: xkeyval 2014/12/03 v2.7a package option processing (HA)
(/usr/local/texlive/2017/texmf-dist/tex/generic/xkeyval/xkeyval.tex (/usr/local
/texlive/2017/texmf-dist/tex/generic/xkeyval/xkvutils.tex
\XKV@toks=\toks20
\XKV@tempa@toks=\toks21
(/usr/local/texlive/2017/texmf-dist/tex/generic/xkeyval/keyval.tex))
\XKV@depth=\count146
File: xkeyval.tex 2014/12/03 v2.7a key=value parser (HA)
))
\c@eu@=\count147
\c@eu@i=\count148
\c@mkern=\count149
) (/usr/local/texlive/2017/texmf-dist/tex/latex/upquote/upquote.sty
Package: upquote 2012/04/19 v1.3 upright-quote and grave-accent glyphs in verba
tim
(/usr/local/texlive/2017/texmf-dist/tex/latex/base/textcomp.sty
Package: textcomp 2017/04/05 v2.0i Standard LaTeX package
Package textcomp Info: Sub-encoding information:
(textcomp)               5 = only ISO-Adobe without \textcurrency
(textcomp)               4 = 5 + \texteuro
(textcomp)               3 = 4 + \textohm
(textcomp)               2 = 3 + \textestimated + \textcurrency
(textcomp)               1 = TS1 - \textcircled - \t
(textcomp)               0 = TS1 (full)
(textcomp)             Font families with sub-encoding setting implement
(textcomp)             only a restricted character set as indicated.
(textcomp)             Family '?' is the default used for unknown fonts.
(textcomp)             See the documentation for details.
Package textcomp Info: Setting ? sub-encoding to TS1/1 on input line 79.
(/usr/local/texlive/2017/texmf-dist/tex/latex/base/ts1enc.def
File: ts1enc.def 2001/06/05 v3.0e (jk/car/fm) Standard LaTeX file
)
LaTeX Info: Redefining \oldstylenums on input line 334.
Package textcomp Info: Setting cmr sub-encoding to TS1/0 on input line 349.
Package textcomp Info: Setting cmss sub-encoding to TS1/0 on input line 350.
Package textcomp Info: Setting cmtt sub-encoding to TS1/0 on input line 351.
Package textcomp Info: Setting cmvtt sub-encoding to TS1/0 on input line 352.
Package textcomp Info: Setting cmbr sub-encoding to TS1/0 on input line 353.
Package textcomp Info: Setting cmtl sub-encoding to TS1/0 on input line 354.
Package textcomp Info: Setting ccr sub-encoding to TS1/0 on input line 355.
Package textcomp Info: Setting ptm sub-encoding to TS1/4 on input line 356.
Package textcomp Info: Setting pcr sub-encoding to TS1/4 on input line 357.
Package textcomp Info: Setting phv sub-encoding to TS1/4 on input line 358.
Package textcomp Info: Setting ppl sub-encoding to TS1/3 on input line 359.
Package textcomp Info: Setting pag sub-encoding to TS1/4 on input line 360.
Package textcomp Info: Setting pbk sub-encoding to TS1/4 on input line 361.
Package textcomp Info: Setting pnc sub-encoding to TS1/4 on input line 362.
Package textcomp Info: Setting pzc sub-encoding to TS1/4 on input line 363.
Package textcomp Info: Setting bch sub-encoding to TS1/4 on input line 364.
Package textcomp Info: Setting put sub-encoding to TS1/5 on input line 365.
Package textcomp Info: Setting uag sub-encoding to TS1/5 on input line 366.
Package textcomp Info: Setting ugq sub-encoding to TS1/5 on input line 367.
Package textcomp Info: Setting ul8 sub-encoding to TS1/4 on input line 368.
Package textcomp Info: Setting ul9 sub-encoding to TS1/4 on input line 369.
Package textcomp Info: Setting augie sub-encoding to TS1/5 on input line 370.
Package textcomp Info: Setting dayrom sub-encoding to TS1/3 on input line 371.
Package textcomp Info: Setting dayroms sub-encoding to TS1/3 on input line 372.

Package textcomp Info: Setting pxr sub-encoding to TS1/0 on input line 373.
Package textcomp Info: Setting pxss sub-encoding to TS1/0 on input line 374.
Package textcomp Info: Setting pxtt sub-encoding to TS1/0 on input line 375.
Package textcomp Info: Setting txr sub-encoding to TS1/0 on input line 376.
Package textcomp Info: Setting txss sub-encoding to TS1/0 on input line 377.
Package textcomp Info: Setting txtt sub-encoding to TS1/0 on input line 378.
Package textcomp Info: Setting lmr sub-encoding to TS1/0 on input line 379.
Package textcomp Info: Setting lmdh sub-encoding to TS1/0 on input line 380.
Package textcomp Info: Setting lmss sub-encoding to TS1/0 on input line 381.
Package textcomp Info: Setting lmssq sub-encoding to TS1/0 on input line 382.
Package textcomp Info: Setting lmvtt sub-encoding to TS1/0 on input line 383.
Package textcomp Info: Setting lmtt sub-encoding to TS1/0 on input line 384.
Package textcomp Info: Setting qhv sub-encoding to TS1/0 on input line 385.
Package textcomp Info: Setting qag sub-encoding to TS1/0 on input line 386.
Package textcomp Info: Setting qbk sub-encoding to TS1/0 on input line 387.
Package textcomp Info: Setting qcr sub-encoding to TS1/0 on input line 388.
Package textcomp Info: Setting qcs sub-encoding to TS1/0 on input line 389.
Package textcomp Info: Setting qpl sub-encoding to TS1/0 on input line 390.
Package textcomp Info: Setting qtm sub-encoding to TS1/0 on input line 391.
Package textcomp Info: Setting qzc sub-encoding to TS1/0 on input line 392.
Package textcomp Info: Setting qhvc sub-encoding to TS1/0 on input line 393.
Package textcomp Info: Setting futs sub-encoding to TS1/4 on input line 394.
Package textcomp Info: Setting futx sub-encoding to TS1/4 on input line 395.
Package textcomp Info: Setting futj sub-encoding to TS1/4 on input line 396.
Package textcomp Info: Setting hlh sub-encoding to TS1/3 on input line 397.
Package textcomp Info: Setting hls sub-encoding to TS1/3 on input line 398.
Package textcomp Info: Setting hlst sub-encoding to TS1/3 on input line 399.
Package textcomp Info: Setting hlct sub-encoding to TS1/5 on input line 400.
Package textcomp Info: Setting hlx sub-encoding to TS1/5 on input line 401.
Package textcomp Info: Setting hlce sub-encoding to TS1/5 on input line 402.
Package textcomp Info: Setting hlcn sub-encoding to TS1/5 on input line 403.
Package textcomp Info: Setting hlcw sub-encoding to TS1/5 on input line 404.
Package textcomp Info: Setting hlcf sub-encoding to TS1/5 on input line 405.
Package textcomp Info: Setting pplx sub-encoding to TS1/3 on input line 406.
Package textcomp Info: Setting pplj sub-encoding to TS1/3 on input line 407.
Package textcomp Info: Setting ptmx sub-encoding to TS1/4 on input line 408.
Package textcomp Info: Setting ptmj sub-encoding to TS1/4 on input line 409.
)) (/usr/local/texlive/2017/texmf-dist/tex/latex/microtype/microtype.sty
Package: microtype 2016/05/14 v2.6a Micro-typographical refinements (RS)
\MT@toks=\toks22
\MT@count=\count150
LaTeX Info: Redefining \textls on input line 774.
\MT@outer@kern=\dimen146
LaTeX Info: Redefining \textmicrotypecontext on input line 1310.
\MT@listname@count=\count151
(/usr/local/texlive/2017/texmf-dist/tex/latex/microtype/microtype-xetex.def
File: microtype-xetex.def 2016/05/14 v2.6a Definitions specific to xetex (RS)
LaTeX Info: Redefining \lsstyle on input line 255.
)
Package microtype Info: Loading configuration file microtype.cfg.
(/usr/local/texlive/2017/texmf-dist/tex/latex/microtype/microtype.cfg
File: microtype.cfg 2016/05/14 v2.6a microtype main configuration file (RS)
)) (/usr/local/texlive/2017/texmf-dist/tex/latex/geometry/geometry.sty
Package: geometry 2010/09/12 v5.6 Page Geometry
(/usr/local/texlive/2017/texmf-dist/tex/generic/oberdiek/ifpdf.sty
Package: ifpdf 2017/03/15 v3.2 Provides the ifpdf switch
) (/usr/local/texlive/2017/texmf-dist/tex/generic/oberdiek/ifvtex.sty
Package: ifvtex 2016/05/16 v1.6 Detect VTeX and its facilities (HO)
Package ifvtex Info: VTeX not detected.
)
\Gm@cnth=\count152
\Gm@cntv=\count153
\c@Gm@tempcnt=\count154
\Gm@bindingoffset=\dimen147
\Gm@wd@mp=\dimen148
\Gm@odd@mp=\dimen149
\Gm@even@mp=\dimen150
\Gm@layoutwidth=\dimen151
\Gm@layoutheight=\dimen152
\Gm@layouthoffset=\dimen153
\Gm@layoutvoffset=\dimen154
\Gm@dimlist=\toks23
) (/usr/local/texlive/2017/texmf-dist/tex/latex/hyperref/hyperref.sty
Package: hyperref 2017/03/14 v6.85a Hypertext links for LaTeX
(/usr/local/texlive/2017/texmf-dist/tex/generic/oberdiek/hobsub-hyperref.sty
Package: hobsub-hyperref 2016/05/16 v1.14 Bundle oberdiek, subset hyperref (HO)

(/usr/local/texlive/2017/texmf-dist/tex/generic/oberdiek/hobsub-generic.sty
Package: hobsub-generic 2016/05/16 v1.14 Bundle oberdiek, subset generic (HO)
Package: hobsub 2016/05/16 v1.14 Construct package bundles (HO)
Package: infwarerr 2016/05/16 v1.4 Providing info/warning/error messages (HO)
Package: ltxcmds 2016/05/16 v1.23 LaTeX kernel commands for general use (HO)
Package hobsub Info: Skipping package `ifluatex' (already loaded).
Package hobsub Info: Skipping package `ifvtex' (already loaded).
Package: intcalc 2016/05/16 v1.2 Expandable calculations with integers (HO)
Package hobsub Info: Skipping package `ifpdf' (already loaded).
Package: etexcmds 2016/05/16 v1.6 Avoid name clashes with e-TeX commands (HO)
Package etexcmds Info: Could not find \expanded.
(etexcmds)             That can mean that you are not using pdfTeX 1.50 or
(etexcmds)             that some package has redefined \expanded.
(etexcmds)             In the latter case, load this package earlier.
Package: kvsetkeys 2016/05/16 v1.17 Key value parser (HO)
Package: kvdefinekeys 2016/05/16 v1.4 Define keys (HO)
Package: pdftexcmds 2017/03/19 v0.25 Utility functions of pdfTeX for LuaTeX (HO
)
Package pdftexcmds Info: LuaTeX not detected.
Package pdftexcmds Info: pdfTeX >= 1.30 not detected.
Package pdftexcmds Info: \pdf@primitive is available.
Package pdftexcmds Info: \pdf@ifprimitive is available.
Package pdftexcmds Info: \pdfdraftmode not found.
Package: pdfescape 2016/05/16 v1.14 Implements pdfTeX's escape features (HO)
Package: bigintcalc 2016/05/16 v1.4 Expandable calculations on big integers (HO
)
Package: bitset 2016/05/16 v1.2 Handle bit-vector datatype (HO)
Package: uniquecounter 2016/05/16 v1.3 Provide unlimited unique counter (HO)
)
Package hobsub Info: Skipping package `hobsub' (already loaded).
Package: letltxmacro 2016/05/16 v1.5 Let assignment for LaTeX macros (HO)
Package: hopatch 2016/05/16 v1.3 Wrapper for package hooks (HO)
Package: xcolor-patch 2016/05/16 xcolor patch
Package: atveryend 2016/05/16 v1.9 Hooks at the very end of document (HO)
Package: atbegshi 2016/06/09 v1.18 At begin shipout hook (HO)
Package: refcount 2016/05/16 v3.5 Data extraction from label references (HO)
Package: hycolor 2016/05/16 v1.8 Color options for hyperref/bookmark (HO)
) (/usr/local/texlive/2017/texmf-dist/tex/latex/oberdiek/auxhook.sty
Package: auxhook 2016/05/16 v1.4 Hooks for auxiliary files (HO)
) (/usr/local/texlive/2017/texmf-dist/tex/latex/oberdiek/kvoptions.sty
Package: kvoptions 2016/05/16 v3.12 Key value format for package options (HO)
)
\@linkdim=\dimen155
\Hy@linkcounter=\count155
\Hy@pagecounter=\count156
(/usr/local/texlive/2017/texmf-dist/tex/latex/hyperref/pd1enc.def
File: pd1enc.def 2017/03/14 v6.85a Hyperref: PDFDocEncoding definition (HO)
)
\Hy@SavedSpaceFactor=\count157
(/usr/local/texlive/2017/texmf-dist/tex/latex/latexconfig/hyperref.cfg
File: hyperref.cfg 2002/06/06 v1.2 hyperref configuration of TeXLive
)
Package hyperref Info: Hyper figures OFF on input line 4498.
Package hyperref Info: Link nesting OFF on input line 4503.
Package hyperref Info: Hyper index ON on input line 4506.
Package hyperref Info: Plain pages OFF on input line 4513.
Package hyperref Info: Backreferencing OFF on input line 4518.
Package hyperref Info: Implicit mode ON; LaTeX internals redefined.
Package hyperref Info: Bookmarks ON on input line 4751.
\c@Hy@tempcnt=\count158
(/usr/local/texlive/2017/texmf-dist/tex/latex/url/url.sty
\Urlmuskip=\muskip17
Package: url 2013/09/16  ver 3.4  Verb mode for urls, etc.
)
LaTeX Info: Redefining \url on input line 5104.
\XeTeXLinkMargin=\dimen156
\Fld@menulength=\count159
\Field@Width=\dimen157
\Fld@charsize=\dimen158
Package hyperref Info: Hyper figures OFF on input line 6358.
Package hyperref Info: Link nesting OFF on input line 6363.
Package hyperref Info: Hyper index ON on input line 6366.
Package hyperref Info: backreferencing OFF on input line 6373.
Package hyperref Info: Link coloring OFF on input line 6378.
Package hyperref Info: Link coloring with OCG OFF on input line 6383.
Package hyperref Info: PDF/A mode OFF on input line 6388.
LaTeX Info: Redefining \ref on input line 6428.
LaTeX Info: Redefining \pageref on input line 6432.
\Hy@abspage=\count160
\c@Item=\count161
\c@Hfootnote=\count162
)

Package hyperref Message: Driver (autodetected): hxetex.

(/usr/local/texlive/2017/texmf-dist/tex/latex/hyperref/hxetex.def
File: hxetex.def 2017/03/14 v6.85a Hyperref driver for XeTeX
(/usr/local/texlive/2017/texmf-dist/tex/latex/hyperref/puenc.def
File: puenc.def 2017/03/14 v6.85a Hyperref: PDF Unicode definition (HO)
) (/usr/local/texlive/2017/texmf-dist/tex/generic/oberdiek/stringenc.sty
Package: stringenc 2016/05/16 v1.11 Convert strings between diff. encodings (HO
)
)
\pdfm@box=\box44
\c@Hy@AnnotLevel=\count163
\HyField@AnnotCount=\count164
\Fld@listcount=\count165
\c@bookmark@seq@number=\count166
(/usr/local/texlive/2017/texmf-dist/tex/latex/oberdiek/rerunfilecheck.sty
Package: rerunfilecheck 2016/05/16 v1.8 Rerun checks for auxiliary files (HO)
Package rerunfilecheck Info: Feature \pdfmdfivesum is not available
(rerunfilecheck)             (e.g. pdfTeX or LuaTeX with package `pdftexcmds').

(rerunfilecheck)             Therefore file contents cannot be checked efficien
tly
(rerunfilecheck)             and the loading of the package is aborted.
)
\Hy@SectionHShift=\skip52
)
Package hyperref Info: Option `unicode' set `true' on input line 30.
(/usr/local/texlive/2017/texmf-dist/tex/generic/oberdiek/se-ascii-print.def
File: se-ascii-print.def 2016/05/16 v1.11 stringenc: Printable ASCII characters

)
Package hyperref Info: Option `breaklinks' set `true' on input line 30.
(/usr/local/texlive/2017/texmf-dist/tex/latex/natbib/natbib.sty
Package: natbib 2010/09/13 8.31b (PWD, AO)
\bibhang=\skip53
\bibsep=\skip54
LaTeX Info: Redefining \cite on input line 694.
\c@NAT@ctr=\count167
) (/usr/local/texlive/2017/texmf-dist/tex/latex/graphics/color.sty
Package: color 2016/07/10 v1.1e Standard LaTeX Color (DPC)
(/usr/local/texlive/2017/texmf-dist/tex/latex/graphics-cfg/color.cfg
File: color.cfg 2016/01/02 v1.6 sample color configuration
)
Package color Info: Driver file: xetex.def on input line 147.
(/usr/local/texlive/2017/texmf-dist/tex/latex/graphics-def/xetex.def
File: xetex.def 2016/07/11 v4.10 LaTeX color/graphics driver for XeTeX (L3/RRM/
JK)
)) (/usr/local/texlive/2017/texmf-dist/tex/latex/fancyvrb/fancyvrb.sty
Package: fancyvrb 2008/02/07

Style option: `fancyvrb' v2.7a, with DG/SPQR fixes, and firstline=lastline fix 
<2008/02/07> (tvz)
\FV@CodeLineNo=\count168
\FV@InFile=\read2
\FV@TabBox=\box45
\c@FancyVerbLine=\count169
\FV@StepNumber=\count170
\FV@OutFile=\write3
) (/usr/local/texlive/2017/texmf-dist/tex/latex/framed/framed.sty
Package: framed 2011/10/22 v 0.96: framed or shaded text with page breaks
\OuterFrameSep=\skip55
\fb@frw=\dimen159
\fb@frh=\dimen160
\FrameRule=\dimen161
\FrameSep=\dimen162
) (/usr/local/texlive/2017/texmf-dist/tex/latex/tools/longtable.sty
Package: longtable 2014/10/28 v4.11 Multi-page Table package (DPC)
\LTleft=\skip56
\LTright=\skip57
\LTpre=\skip58
\LTpost=\skip59
\LTchunksize=\count171
\LTcapwidth=\dimen163
\LT@head=\box46
\LT@firsthead=\box47
\LT@foot=\box48
\LT@lastfoot=\box49
\LT@cols=\count172
\LT@rows=\count173
\c@LT@tables=\count174
\c@LT@chunks=\count175
\LT@p@ftn=\toks24
) (/usr/local/texlive/2017/texmf-dist/tex/latex/booktabs/booktabs.sty
Package: booktabs 2016/04/27 v1.618033 publication quality tables
\heavyrulewidth=\dimen164
\lightrulewidth=\dimen165
\cmidrulewidth=\dimen166
\belowrulesep=\dimen167
\belowbottomsep=\dimen168
\aboverulesep=\dimen169
\abovetopsep=\dimen170
\cmidrulesep=\dimen171
\cmidrulekern=\dimen172
\defaultaddspace=\dimen173
\@cmidla=\count176
\@cmidlb=\count177
\@aboverulesep=\dimen174
\@belowrulesep=\dimen175
\@thisruleclass=\count178
\@lastruleclass=\count179
\@thisrulewidth=\dimen176
) (/usr/local/texlive/2017/texmf-dist/tex/latex/graphics/graphicx.sty
Package: graphicx 2014/10/28 v1.0g Enhanced LaTeX Graphics (DPC,SPQR)
(/usr/local/texlive/2017/texmf-dist/tex/latex/graphics/graphics.sty
Package: graphics 2017/04/14 v1.1b Standard LaTeX Graphics (DPC,SPQR)
(/usr/local/texlive/2017/texmf-dist/tex/latex/graphics/trig.sty
Package: trig 2016/01/03 v1.10 sin cos tan (DPC)
) (/usr/local/texlive/2017/texmf-dist/tex/latex/graphics-cfg/graphics.cfg
File: graphics.cfg 2016/06/04 v1.11 sample graphics configuration
)
Package graphics Info: Driver file: xetex.def on input line 99.
)
\Gin@req@height=\dimen177
\Gin@req@width=\dimen178
) (/usr/local/texlive/2017/texmf-dist/tex/latex/oberdiek/grffile.sty
Package: grffile 2016/05/16 v1.17 Extended file name support for graphics (HO)
Package grffile Info: \Gread@QTm patched on input line 253.
Package grffile Info: \Gread@eps patched on input line 303.
Package grffile Info: Option `multidot' is set to `true'.
Package grffile Info: Option `extendedchars' is set to `false'.
Package grffile Info: Option `space' is set to `true'.
Package grffile Info: \Gin@ii of package `graphicx' fixed on input line 486.
) (/usr/local/texlive/2017/texmf-dist/tex/latex/parskip/parskip.sty
Package: parskip 2001/04/09 non-zero parskip adjustments
) (/usr/local/texlive/2017/texmf-dist/tex/latex/titling/titling.sty
Package: titling 2009/09/04 v2.1d maketitle typesetting
\thanksmarkwidth=\skip60
\thanksmargin=\skip61
\droptitle=\skip62
) (/usr/local/texlive/2017/texmf-dist/tex/latex/amscls/amsthm.sty
Package: amsthm 2015/03/04 v2.20.2
\thm@style=\toks25
\thm@bodyfont=\toks26
\thm@headfont=\toks27
\thm@notefont=\toks28
\thm@headpunct=\toks29
\thm@preskip=\skip63
\thm@postskip=\skip64
\thm@headsep=\skip65
\dth@everypar=\toks30
) (./mmd-draft-djb.aux)
\openout1 = `mmd-draft-djb.aux'.

LaTeX Font Info:    Checking defaults for OML/cmm/m/it on input line 139.
LaTeX Font Info:    ... okay on input line 139.
LaTeX Font Info:    Checking defaults for T1/cmr/m/n on input line 139.
LaTeX Font Info:    ... okay on input line 139.
LaTeX Font Info:    Checking defaults for OT1/cmr/m/n on input line 139.
LaTeX Font Info:    ... okay on input line 139.
LaTeX Font Info:    Checking defaults for OMS/cmsy/m/n on input line 139.
LaTeX Font Info:    ... okay on input line 139.
LaTeX Font Info:    Checking defaults for TU/lmr/m/n on input line 139.
LaTeX Font Info:    ... okay on input line 139.
LaTeX Font Info:    Checking defaults for OMX/cmex/m/n on input line 139.
LaTeX Font Info:    ... okay on input line 139.
LaTeX Font Info:    Checking defaults for U/cmr/m/n on input line 139.
LaTeX Font Info:    ... okay on input line 139.
LaTeX Font Info:    Checking defaults for TS1/cmr/m/n on input line 139.
LaTeX Font Info:    Try loading font information for TS1+cmr on input line 139.

(/usr/local/texlive/2017/texmf-dist/tex/latex/base/ts1cmr.fd
File: ts1cmr.fd 2014/09/29 v2.5h Standard LaTeX font definitions
)
LaTeX Font Info:    ... okay on input line 139.
LaTeX Font Info:    Checking defaults for PD1/pdf/m/n on input line 139.
LaTeX Font Info:    ... okay on input line 139.
LaTeX Font Info:    Checking defaults for PU/pdf/m/n on input line 139.
LaTeX Font Info:    ... okay on input line 139.
LaTeX Info: Redefining \microtypecontext on input line 139.
Package microtype Info: Character protrusion enabled (level 2).
Package microtype Info: Using protrusion set `basicmath'.
Package microtype Info: No adjustment of tracking.
Package microtype Info: No adjustment of spacing.
Package microtype Info: No adjustment of kerning.

(/usr/local/texlive/2017/texmf-dist/tex/latex/microtype/mt-LatinModernRoman.cfg
File: mt-LatinModernRoman.cfg 2013/03/13 v1.0 microtype config. file: Latin Mod
ern Roman (RS)
)
*geometry* driver: auto-detecting
*geometry* detected driver: xetex
*geometry* verbose mode - [ preamble ] result:
* driver: xetex
* paper: <default>
* layout: <same size as paper>
* layoutoffset:(h,v)=(0.0pt,0.0pt)
* modes: twoside 
* h-part:(L,W,R)=(72.26999pt, 469.75502pt, 72.26999pt)
* v-part:(T,H,B)=(72.26999pt, 650.43001pt, 72.26999pt)
* \paperwidth=614.295pt
* \paperheight=794.96999pt
* \textwidth=469.75502pt
* \textheight=650.43001pt
* \oddsidemargin=0.0pt
* \evensidemargin=0.0pt
* \topmargin=-30.06749pt
* \headheight=12.0pt
* \headsep=18.06749pt
* \topskip=10.0pt
* \footskip=25.29494pt
* \marginparwidth=125.0pt
* \marginparsep=7.0pt
* \columnsep=10.0pt
* \skip\footins=9.0pt plus 4.0pt minus 2.0pt
* \hoffset=0.0pt
* \voffset=0.0pt
* \mag=1000
* \@twocolumnfalse
* \@twosidetrue
* \@mparswitchtrue
* \@reversemarginfalse
* (1in=72.27pt=25.4mm, 1cm=28.453pt)

\AtBeginShipoutBox=\box50
Package hyperref Info: Link coloring OFF on input line 139.
(/usr/local/texlive/2017/texmf-dist/tex/latex/hyperref/nameref.sty
Package: nameref 2016/05/21 v2.44 Cross-referencing by name of section
(/usr/local/texlive/2017/texmf-dist/tex/generic/oberdiek/gettitlestring.sty
Package: gettitlestring 2016/05/16 v1.5 Cleanup title references (HO)
)
\c@section@level=\count180
)
LaTeX Info: Redefining \ref on input line 139.
LaTeX Info: Redefining \pageref on input line 139.
LaTeX Info: Redefining \nameref on input line 139.
(./mmd-draft-djb.out) (./mmd-draft-djb.out)
\@outlinefile=\write4
\openout4 = `mmd-draft-djb.out'.

[1


] [2

] (./mmd-draft-djb.toc
LaTeX Font Info:    Try loading font information for OT1+lmr on input line 2.
(/usr/local/texlive/2017/texmf-dist/tex/latex/lm/ot1lmr.fd
File: ot1lmr.fd 2009/10/30 v1.6 Font defs for Latin Modern
)
Package microtype Info: Loading generic settings for font family
(microtype)             `lmr' (encoding: OT1).
(microtype)             For optimal results, create family-specific settings.
(microtype)             See the microtype manual for details.
LaTeX Font Info:    Try loading font information for OML+lmm on input line 2.
(/usr/local/texlive/2017/texmf-dist/tex/latex/lm/omllmm.fd
File: omllmm.fd 2009/10/30 v1.6 Font defs for Latin Modern
)
LaTeX Font Info:    Try loading font information for OMS+lmsy on input line 2.
(/usr/local/texlive/2017/texmf-dist/tex/latex/lm/omslmsy.fd
File: omslmsy.fd 2009/10/30 v1.6 Font defs for Latin Modern
)
LaTeX Font Info:    Try loading font information for OMX+lmex on input line 2.
(/usr/local/texlive/2017/texmf-dist/tex/latex/lm/omxlmex.fd
File: omxlmex.fd 2009/10/30 v1.6 Font defs for Latin Modern
)
LaTeX Font Info:    External font `lmex10' loaded for size
(Font)              <10> on input line 2.
LaTeX Font Info:    External font `lmex10' loaded for size
(Font)              <7> on input line 2.
LaTeX Font Info:    External font `lmex10' loaded for size
(Font)              <5> on input line 2.
LaTeX Font Info:    Try loading font information for U+msa on input line 2.
(/usr/local/texlive/2017/texmf-dist/tex/latex/amsfonts/umsa.fd
File: umsa.fd 2013/01/14 v3.01 AMS symbols A
) (/usr/local/texlive/2017/texmf-dist/tex/latex/microtype/mt-msa.cfg
File: mt-msa.cfg 2006/02/04 v1.1 microtype config. file: AMS symbols (a) (RS)
)
LaTeX Font Info:    Try loading font information for U+msb on input line 2.
(/usr/local/texlive/2017/texmf-dist/tex/latex/amsfonts/umsb.fd
File: umsb.fd 2013/01/14 v3.01 AMS symbols B
) (/usr/local/texlive/2017/texmf-dist/tex/latex/microtype/mt-msb.cfg
File: mt-msb.cfg 2005/06/01 v1.0 microtype config. file: AMS symbols (b) (RS)
) [3])
\tf@toc=\write5
\openout5 = `mmd-draft-djb.toc'.

LaTeX Font Info:    Font shape `TU/lmtt/bx/n' in size <10> not available
(Font)              Font shape `TU/lmtt/b/n' tried instead on input line 148.
[4]
Chapter 1.

Package natbib Warning: Citation `NationalAssociationSchools2018' on page 5 und
efined on input line 175.

LaTeX Font Info:    External font `lmex10' loaded for size
(Font)              <8> on input line 177.
LaTeX Font Info:    External font `lmex10' loaded for size
(Font)              <6> on input line 177.

Package natbib Warning: Citation `bestMusicCurriculaFuture1992' on page 5 undef
ined on input line 178.


Package natbib Warning: Citation `karpinskiAuralSkillsAcquisition2000' on page 
5 undefined on input line 178.


Package natbib Warning: Citation `butlerBridgesUnbuiltComparing1993' on page 5 
undefined on input line 182.


Package natbib Warning: Citation `davidbutlerWhyGulfMusic1997a' on page 5 undef
ined on input line 182.


Package natbib Warning: Citation `klonoskiImprovingDictationAuralSkills2006' on
 page 5 undefined on input line 182.


Package natbib Warning: Citation `klonoskiPerceptualLearningHierarchy2000' on p
age 5 undefined on input line 182.


Package natbib Warning: Citation `pembrookSendHelpAural1990' on page 5 undefine
d on input line 182.


Package natbib Warning: Citation `karpinskiAuralSkillsAcquisition2000' on page 
5 undefined on input line 182.


Package natbib Warning: Citation `karpinskiAuralSkillsAcquisition2000' on page 
5 undefined on input line 183.


Package natbib Warning: Citation `dowlingExpectancyAttentionMelody1990' on page
 5 undefined on input line 183.


Package natbib Warning: Citation `dowlingScaleContourTwo1978' on page 5 undefin
ed on input line 183.


Package natbib Warning: Citation `dowlingTonalStrengthMelody1991' on page 5 und
efined on input line 183.


Package natbib Warning: Citation `halpernMemoryMelodies2010' on page 5 undefine
d on input line 183.


Package natbib Warning: Citation `buonviriEffectsTwoListening2017' on page 5 un
defined on input line 183.


Package natbib Warning: Citation `buonviriMelodicDictationInstruction2015' on p
age 5 undefined on input line 183.


Package natbib Warning: Citation `paneyEffectDirectingAttention2016' on page 5 
undefined on input line 183.


Package natbib Warning: Citation `halpernMemoryMelodies2010' on page 5 undefine
d on input line 185.


Package natbib Warning: Citation `karpinskiAuralSkillsAcquisition2000' on page 
5 undefined on input line 199.


Package natbib Warning: Citation `karpinskiModelMusicPerception1990' on page 5 
undefined on input line 199.


Package natbib Warning: Citation `levitinWhatDoesIt2012' on page 5 undefined on
 input line 203.


Package natbib Warning: Citation `peretzNatureMusicBiological2006' on page 5 un
defined on input line 203.


Package natbib Warning: Citation `bakerExaminingMusicalSophistication2018' on p
age 5 undefined on input line 203.

[5

]

Package natbib Warning: Citation `berzWorkingMemoryMusic1995' on page 6 undefin
ed on input line 208.


Package natbib Warning: Citation `cowanMagicalMysteryFour2010' on page 6 undefi
ned on input line 229.


Package natbib Warning: Citation `pearceStatisticalLearningProbabilistic2018a' 
on page 6 undefined on input line 229.


Package natbib Warning: Citation `chenetteReframingAuralSkills2019' on page 6 u
ndefined on input line 229.


Package natbib Warning: Citation `vanhandelRoleWorkingMemory2011' on page 6 und
efined on input line 229.


Underfull \vbox (badness 7576) has occurred while \output is active []

[6] [7] [8

]
Chapter 2.

Package natbib Warning: Citation `karpinskiModelMusicPerception1990' on page 9 
undefined on input line 274.


Package natbib Warning: Citation `karpinskiAuralSkillsAcquisition2000' on page 
9 undefined on input line 275.


Package natbib Warning: Citation `karpinskiAuralSkillsAcquisition2000' on page 
9 undefined on input line 275.


Package natbib Warning: Citation `NationalAssociationSchools2018' on page 9 und
efined on input line 276.


Package natbib Warning: Citation `karpinskiModelMusicPerception1990' on page 9 
undefined on input line 280.


Package natbib Warning: Citation `klonoskiImprovingDictationAuralSkills2006' on
 page 9 undefined on input line 283.


Package natbib Warning: Citation `potterIdentifyingSucessfulDictation1990' on p
age 9 undefined on input line 284.


Package natbib Warning: Citation `karpinskiAuralSkillsAcquisition2000' on page 
9 undefined on input line 285.


Package natbib Warning: Citation `paneyEffectDirectingAttention2016' on page 9 
undefined on input line 289.

[9]

Package natbib Warning: Citation `davidbutlerWhyGulfMusic1997a' on page 10 unde
fined on input line 295.


Package natbib Warning: Citation `karpinskiAuralSkillsAcquisition2000' on page 
10 undefined on input line 295.


Package natbib Warning: Citation `klonoskiPerceptualLearningHierarchy2000' on p
age 10 undefined on input line 295.


Package natbib Warning: Citation `karpinskiAuralSkillsAcquisition2000' on page 
10 undefined on input line 301.


Package natbib Warning: Citation `karpinskiModelMusicPerception1990' on page 10
 undefined on input line 301.


Package natbib Warning: Citation `karpinskiModelMusicPerception1990' on page 10
 undefined on input line 319.


Package natbib Warning: Citation `karpinskiAuralSkillsAcquisition2000' on page 
10 undefined on input line 319.

File: img/karpinski31.png Graphic file (type QTm)
<use  "img/karpinski31.png" >

Package natbib Warning: Citation `dowlingScaleContourTwo1978' on page 10 undefi
ned on input line 337.


Package natbib Warning: Citation `dewittRecognitionNovelMelodies1986' on page 1
0 undefined on input line 337.


Package natbib Warning: Citation `ouraMemoryMelodiesSubjects1988' on page 10 un
defined on input line 337.


Package natbib Warning: Citation `handelListeningIntroductionPerception1989' on
 page 10 undefined on input line 337.


Package natbib Warning: Citation `dowlingExpectancyAttentionMelody1990' on page
 10 undefined on input line 337.


Package natbib Warning: Citation `eerolaExpectancySamiYoiks2009' on page 10 und
efined on input line 338.


Package natbib Warning: Citation `stevensMusicPerceptionCognition2012' on page 
10 undefined on input line 338.


Package natbib Warning: Citation `pearceAuditoryExpectationInformation2012' on 
page 10 undefined on input line 338.


Package natbib Warning: Citation `millerMagicalNumberSeven1956' on page 10 unde
fined on input line 341.

[10] [11]

Package natbib Warning: Citation `arthurPerceptualStudyScaledegree2018' on page
 12 undefined on input line 349.


Package natbib Warning: Citation `taylorStrategiesMemoryShort1983' on page 12 u
ndefined on input line 353.


Package natbib Warning: Citation `klonoskiImprovingDictationAuralSkills2006' on
 page 12 undefined on input line 353.


Package natbib Warning: Citation `goldmanImprovisationExperiencePredicts2018a' 
on page 12 undefined on input line 362.


Package natbib Warning: Citation `laneChessKnowledgePredicts2018' on page 12 un
defined on input line 362.

File: img/musicalexamples/MMD_Figure2-1.png Graphic file (type QTm)
<use  "img/musicalexamples/MMD_Figure2-1.png" >
File: img/musicalexamples/MMD_Figure2-1.png Graphic file (type QTm)
<use  "img/musicalexamples/MMD_Figure2-1.png" > [12]
File: img/taxonomy4.png Graphic file (type QTm)
<use  "img/taxonomy4.png" > [13]

Package natbib Warning: Citation `ritchieIntelligenceAllThat2015' on page 14 un
defined on input line 441.


Package natbib Warning: Citation `unsworthAutomatedVersionOperation2005' on pag
e 14 undefined on input line 441.

[14]

Package natbib Warning: Citation `gouldMismeasureMan1996' on page 15 undefined 
on input line 449.


Package natbib Warning: Citation `darwinOriginSpecies1859' on page 15 undefined
 on input line 450.


Package natbib Warning: Citation `spearmanGeneralIntelligenceObjectively1904' o
n page 15 undefined on input line 457.

[15]

Package natbib Warning: Citation `kovacsProcessOverlapTheory2016' on page 16 un
defined on input line 483.


Package natbib Warning: Citation `ritchieIntelligenceAllThat2015' on page 16 un
defined on input line 485.


Package natbib Warning: Citation `cowanWorkingMemoryCapacity2005' on page 16 un
defined on input line 498.


Package natbib Warning: Citation `cowanWorkingMemoryCapacity2005' on page 16 un
defined on input line 503.


Package natbib Warning: Citation `broadbentPerceptionCommunication1958' on page
 16 undefined on input line 503.


Package natbib Warning: Citation `atkinsonHUMANMEMORYPROPOSED1968' on page 16 u
ndefined on input line 503.


Package natbib Warning: Citation `baddeleyWorkingMemory1974' on page 16 undefin
ed on input line 505.

File: img/wm_models.png Graphic file (type QTm)
<use  "img/wm_models.png" >

Package natbib Warning: Citation `baddeleyEpisodicBufferNew2000' on page 16 und
efined on input line 516.


Package natbib Warning: Citation `berzWorkingMemoryMusic1995' on page 16 undefi
ned on input line 518.


Package natbib Warning: Citation `williamsonMusiciansNonmusiciansShortterm2010'
 on page 16 undefined on input line 519.


Package natbib Warning: Citation `wollnerAttentionalFlexibilityMemory2016' on p
age 16 undefined on input line 519.


Package natbib Warning: Citation `cowanEvolvingConceptionsMemory1988' on page 1
6 undefined on input line 521.


Package natbib Warning: Citation `cowanWorkingMemoryCapacity2005' on page 16 un
defined on input line 521.

[16] [17]

Package natbib Warning: Citation `millerMagicalNumberSeven1956' on page 18 unde
fined on input line 534.


Package natbib Warning: Citation `millerHistoryPsychologyAutobiography1989' on 
page 18 undefined on input line 535.


Package natbib Warning: Citation `cowanMagicalMysteryFour2010' on page 18 undef
ined on input line 537.


Package natbib Warning: Citation `unsworthAutomatedVersionOperation2005' on pag
e 18 undefined on input line 538.


Package natbib Warning: Citation `conwayWorkingMemorySpan2005' on page 18 undef
ined on input line 544.


Package natbib Warning: Citation `karpinskiAuralSkillsAcquisition2000' on page 
18 undefined on input line 544.


Package natbib Warning: Citation `cowanWorkingMemoryCapacity2005' on page 18 un
defined on input line 547.


Package natbib Warning: Citation `krumhanslCognitiveFoundationsMusical2001' on 
page 18 undefined on input line 553.


Package natbib Warning: Citation `meyerEmotionMeaningMusic1956' on page 18 unde
fined on input line 553.


Package natbib Warning: Citation `schenkerFreieSatz1935' on page 18 undefined o
n input line 553.

[18]

Package natbib Warning: Citation `saffranStatisticalLearningTone1999' on page 1
9 undefined on input line 569.


Package natbib Warning: Citation `berzWorkingMemoryMusic1995' on page 19 undefi
ned on input line 571.


Package natbib Warning: Citation `talaminiMusiciansHaveBetter2017' on page 19 u
ndefined on input line 586.


Package natbib Warning: Citation `kopiezDynamicModelSkills2006' on page 19 unde
fined on input line 593.


Package natbib Warning: Citation `kopiezGeneralModelSkills2008' on page 19 unde
fined on input line 593.


Package natbib Warning: Citation `meinzDeliberatePracticeNecessary2010' on page
 19 undefined on input line 595.


Package natbib Warning: Citation `wollnerAttentionalFlexibilityMemory2016' on p
age 19 undefined on input line 597.


Package natbib Warning: Citation `nicholsScoreOneJazz2018' on page 19 undefined
 on input line 598.


Package natbib Warning: Citation `engleWorkingMemoryCapacity2002' on page 19 un
defined on input line 599.


Package natbib Warning: Citation `colleyWorkingMemoryAuditory2018' on page 19 u
ndefined on input line 600.

[19]

Package natbib Warning: Citation `mullensiefenInvestigatingImportanceSelftheori
es2015' on page 20 undefined on input line 612.


Package natbib Warning: Citation `schellenbergMusicNonmusicalAbilities2017' on 
page 20 undefined on input line 623.

[20]

Package natbib Warning: Citation `corrigallMusicTrainingCognition2013' on page 
21 undefined on input line 633.


Package natbib Warning: Citation `corrigallMusicTrainingCognition2013a' on page
 21 undefined on input line 635.


Package natbib Warning: Citation `swaminathanRevisitingAssociationMusic2017' on
 page 21 undefined on input line 637.


Package natbib Warning: Citation `ericssonRoleDeliberatePractice1993' on page 2
1 undefined on input line 645.


Package natbib Warning: Citation `furbyEffectsPeerTutoring2016' on page 21 unde
fined on input line 664.


Package natbib Warning: Citation `harrisonEffectsMusicalAptitude1994' on page 2
1 undefined on input line 665.


Package natbib Warning: Citation `wrightInvestigatingAuralCase2016' on page 21 
undefined on input line 666.


Package natbib Warning: Citation `furbyEffectsPeerTutoring2016' on page 21 unde
fined on input line 669.


Package natbib Warning: Citation `bantonRoleVisualAuditory1995' on page 21 unde
fined on input line 669.


Package natbib Warning: Citation `blandSightSingingMelodic1984' on page 21 unde
fined on input line 669.


Package natbib Warning: Citation `rootMethodicalSightSingingLessons1931' on pag
e 21 undefined on input line 669.


Package natbib Warning: Citation `bantonRoleVisualAuditory1995' on page 21 unde
fined on input line 669.


Package natbib Warning: Citation `bantonRoleVisualAuditory1995' on page 21 unde
fined on input line 669.


Package natbib Warning: Citation `blandSightSingingMelodic1984' on page 21 unde
fined on input line 669.


Package natbib Warning: Citation `rootMethodicalSightSingingLessons1931' on pag
e 21 undefined on input line 669.


Package natbib Warning: Citation `klonoskiImprovingDictationAuralSkills2006' on
 page 21 undefined on input line 669.


Package natbib Warning: Citation `fournierCognitiveStrategiesSightsinging2017a'
 on page 21 undefined on input line 675.

[21]

Package natbib Warning: Citation `cambouropoulosHowSimilarSimilar2009' on page 
22 undefined on input line 692.


Package natbib Warning: Citation `wigginsModelsMusicalSimilarity2007' on page 2
2 undefined on input line 692.


Package natbib Warning: Citation `schenkerFreieSatz1935' on page 22 undefined o
n input line 698.


Package natbib Warning: Citation `meyerEmotionMeaningMusic1956' on page 22 unde
fined on input line 699.


Package natbib Warning: Citation `narmourAnalysisCognitionBasic1990' on page 22
 undefined on input line 701.


Package natbib Warning: Citation `narmourAnalysisCognitionMelodic1992' on page 
22 undefined on input line 701.


Package natbib Warning: Citation `schellenbergSimplifyingImplicationRealization
Model1997' on page 22 undefined on input line 701.


Package natbib Warning: Citation `margulisModelMelodicExpectation2005' on page 
22 undefined on input line 701.


Package natbib Warning: Citation `huronSweetAnticipation2006' on page 22 undefi
ned on input line 701.


Package natbib Warning: Citation `pearceAuditoryExpectationInformation2012' on 
page 22 undefined on input line 701.


Package natbib Warning: Citation `ortmannTonalDeterminantsMelodic1933' on page 
22 undefined on input line 711.


Package natbib Warning: Citation `taylorStrategiesMemoryShort1983' on page 22 u
ndefined on input line 714.

[22]

Package natbib Warning: Citation `longRelationshipsPitchMemory1977' on page 23 
undefined on input line 717.


Package natbib Warning: Citation `longRelationshipsPitchMemory1977' on page 23 
undefined on input line 718.


Package natbib Warning: Citation `norrisRelationshipSightSinging2003' on page 2
3 undefined on input line 719.


Package natbib Warning: Citation `pfordresherPoorPitchSingingAbsence2007' on pa
ge 23 undefined on input line 719.


Package natbib Warning: Citation `hofstetterComputerBaesedRecognitionPerceptual
1981' on page 23 undefined on input line 721.


Package natbib Warning: Citation `dowlingScaleContourTwo1978' on page 23 undefi
ned on input line 722.


Package natbib Warning: Citation `longRelationshipsPitchMemory1977' on page 23 
undefined on input line 722.


Package natbib Warning: Citation `pembrookInterferenceTranscriptionProcess1986'
 on page 23 undefined on input line 722.


Package natbib Warning: Citation `ouraMemoryMelodiesSubjects1988' on page 23 un
defined on input line 722.


Package natbib Warning: Citation `ortmannTonalDeterminantsMelodic1933' on page 
23 undefined on input line 723.


Package natbib Warning: Citation `pembrookInterferenceTranscriptionProcess1986'
 on page 23 undefined on input line 723.


Package natbib Warning: Citation `longRelationshipsPitchMemory1977' on page 23 
undefined on input line 724.


Package natbib Warning: Citation `pembrookInterferenceTranscriptionProcess1986'
 on page 23 undefined on input line 724.


Package natbib Warning: Citation `hofstetterComputerBaesedRecognitionPerceptual
1981' on page 23 undefined on input line 725.


Package natbib Warning: Citation `pembrookInterferenceTranscriptionProcess1986'
 on page 23 undefined on input line 725.


Package natbib Warning: Citation `schellenbergEffectTonalRhythmicContext1985' o
n page 23 undefined on input line 726.


Package natbib Warning: Citation `longRelationshipsPitchMemory1977' on page 23 
undefined on input line 727.


Package natbib Warning: Citation `ouraMemoryMelodiesSubjects1988' on page 23 un
defined on input line 727.


Package natbib Warning: Citation `schellenbergEffectTonalRhythmicContext1985' o
n page 23 undefined on input line 727.


Package natbib Warning: Citation `taylorStrategiesMemoryShort1983' on page 23 u
ndefined on input line 727.


Package natbib Warning: Citation `schellenbergEffectTonalRhythmicContext1985' o
n page 23 undefined on input line 728.


Package natbib Warning: Citation `pembrookInterferenceTranscriptionProcess1986'
 on page 23 undefined on input line 730.


Package natbib Warning: Citation `ouraConstructingRepresentationMelody1991a' on
 page 23 undefined on input line 736.


Package natbib Warning: Citation `paneyTeachingMelodicDictation2014' on page 23
 undefined on input line 740.


Package natbib Warning: Citation `gillespieMelodicDictationScoring2001' on page
 23 undefined on input line 740.


Package natbib Warning: Citation `pembrookSendHelpAural1990' on page 23 undefin
ed on input line 741.


Package natbib Warning: Citation `norrisRelationshipSightSinging2003' on page 2
3 undefined on input line 743.


Package natbib Warning: Citation `dooleyAbsolutePitchCorrelates2010' on page 23
 undefined on input line 744.


Package natbib Warning: Citation `paneyTeachingMelodicDictation2014' on page 23
 undefined on input line 749.


Package natbib Warning: Citation `buonviriEffectsMusicNotation2015' on page 23 
undefined on input line 750.


Package natbib Warning: Citation `paneyEffectDirectingAttention2016' on page 23
 undefined on input line 751.


Package natbib Warning: Citation `buonviriMelodicDictationInstruction2015' on p
age 23 undefined on input line 752.


Package natbib Warning: Citation `buonviriEffectsPreparatorySinging2015' on pag
e 23 undefined on input line 753.


Package natbib Warning: Citation `buonviriEffectsMusicNotation2015' on page 23 
undefined on input line 754.


Package natbib Warning: Citation `buonviriEffectsTwoListening2017' on page 23 u
ndefined on input line 755.

[23]

Package natbib Warning: Citation `huronHumdrumToolkitReference1994' on page 24 
undefined on input line 761.


Package natbib Warning: Citation `cuthbertMusic21ToolkitComputerAided2010' on p
age 24 undefined on input line 761.


Package natbib Warning: Citation `ortmannTonalDeterminantsMelodic1933' on page 
24 undefined on input line 764.


Package natbib Warning: Citation `taylorStrategiesMemoryShort1983' on page 24 u
ndefined on input line 764.


Package natbib Warning: Citation `huronMelodicArchWestern1996' on page 24 undef
ined on input line 776.


Package natbib Warning: Citation `schaffrathEssenFolkSong1995' on page 24 undef
ined on input line 776.


Package natbib Warning: Citation `mullensiefenFantasticFeatureANalysis2009' on 
page 24 undefined on input line 780.


Package natbib Warning: Citation `huronSweetAnticipation2006' on page 24 undefi
ned on input line 783.


Package natbib Warning: Citation `mullensiefenCourtDecisionsMusic2009' on page 
24 undefined on input line 785.


Package natbib Warning: Citation `kopiezAufSucheNach2011' on page 24 undefined 
on input line 785.


Package natbib Warning: Citation `mullensiefenRoleFeaturesContext2014' on page 
24 undefined on input line 785.


Package natbib Warning: Citation `jakubowskiDissectingEarwormMelodic2017' on pa
ge 24 undefined on input line 785.


Package natbib Warning: Citation `williamsonEarwormsThreeAngles2012' on page 24
 undefined on input line 785.


Package natbib Warning: Citation `balenCorpusAnalyisTools2015' on page 24 undef
ined on input line 785.


Package natbib Warning: Citation `bakerPerceptionLeitmotivesRichard2017' on pag
e 24 undefined on input line 786.


Package natbib Warning: Citation `harrisonModellingMelodicDiscrimination2016' o
n page 24 undefined on input line 786.


Package natbib Warning: Citation `rainsfordMUSOSMUsicSOftware2018' on page 24 u
ndefined on input line 786.

[24]

Package natbib Warning: Citation `pearceAuditoryExpectationInformation2012a' on
 page 25 undefined on input line 798.


Package natbib Warning: Citation `pearceStatisticalLearningProbabilistic2018' o
n page 25 undefined on input line 798.


Package natbib Warning: Citation `gouldMismeasureMan1996' on page 25 undefined 
on input line 835.


Package natbib Warning: Citation `kovacsProcessOverlapTheory2016' on page 25 un
defined on input line 835.

[25]

Package natbib Warning: Citation `levitinWhatDoesIt2012' on page 26 undefined o
n input line 839.


Package natbib Warning: Citation `peretzModularityMusicProcessing2003' on page 
26 undefined on input line 839.


Package natbib Warning: Citation `hansenWorkingMemoryMusical2013' on page 26 un
defined on input line 859.


Package natbib Warning: Citation `dowlingTonalStrengthMelody1991' on page 26 un
defined on input line 861.

[26]
Chapter 3.

Package natbib Warning: Citation `karpinskiAuralSkillsAcquisition2000' on page 
27 undefined on input line 870.


Package natbib Warning: Citation `karpinskiModelMusicPerception1990' on page 27
 undefined on input line 870.


Underfull \vbox (badness 5756) has occurred while \output is active []

[27

]

Package natbib Warning: Citation `chenetteReframingAuralSkills2019' on page 28 
undefined on input line 909.


Package natbib Warning: Citation `millerMagicalNumberSeven1956' on page 28 unde
fined on input line 913.


Package natbib Warning: Citation `halpernMemoryMelodies2010' on page 28 undefin
ed on input line 924.


Package natbib Warning: Citation `mcauleyPlayItAgain2004' on page 28 undefined 
on input line 928.


Package natbib Warning: Citation `korenmanRoleFamiliarityEpisodic2004' on page 
28 undefined on input line 929.


Package natbib Warning: Citation `munganLevelsofProcessingEffectsRemember2011' 
on page 28 undefined on input line 929.


Package natbib Warning: Citation `talaminiMusiciansHaveBetter2017' on page 28 u
ndefined on input line 930.


Package natbib Warning: Citation `harrisonApplyingModernPsychometric2017a' on p
age 28 undefined on input line 932.


Package natbib Warning: Citation `bakerPerceptionLeitmotivesRichard2017' on pag
e 28 undefined on input line 933.

[28]

Package natbib Warning: Citation `halpernEffectsTimbreTempo2008' on page 29 und
efined on input line 935.


Package natbib Warning: Citation `mullensiefenRoleFeaturesContext2014' on page 
29 undefined on input line 935.


Package natbib Warning: Citation `rainsfordMUSOSMUsicSOftware2018' on page 29 u
ndefined on input line 935.


Package natbib Warning: Citation `schellenbergMusicNonmusicalAbilities2017' on 
page 29 undefined on input line 950.


Package natbib Warning: Citation `gibsonEnhancedDivergentThinking2009' on page 
29 undefined on input line 950.


Package natbib Warning: Citation `hilleAssociationsMusicEducation2011' on page 
29 undefined on input line 950.


Package natbib Warning: Citation `schellenbergExaminingAssociationMusic2011' on
 page 29 undefined on input line 950.


Package natbib Warning: Citation `schellenbergMusicTrainingEmotion2012' on page
 29 undefined on input line 950.


Package natbib Warning: Citation `corrigallMusicTrainingCognition2013' on page 
29 undefined on input line 951.


Package natbib Warning: Citation `corrigallPredictingWhoTakes2015' on page 29 u
ndefined on input line 951.


Package natbib Warning: Citation `degeMusicLessonsIntelligence2011' on page 29 
undefined on input line 951.


Package natbib Warning: Citation `schellenbergLongtermPositiveAssociations2006'
 on page 29 undefined on input line 951.


Package natbib Warning: Citation `corrigallMusicTrainingCognition2013c' on page
 29 undefined on input line 952.


Package natbib Warning: Citation `degeMusicLessonsIntelligence2011' on page 29 
undefined on input line 952.


Package natbib Warning: Citation `schellenbergExaminingAssociationMusic2011' on
 page 29 undefined on input line 952.


Package natbib Warning: Citation `schellenbergLongtermPositiveAssociations2006'
 on page 29 undefined on input line 952.


Package natbib Warning: Citation `schellenbergMusicTrainingEmotion2012' on page
 29 undefined on input line 952.


Package natbib Warning: Citation `schellenbergMusicNonmusicalAbilities2017' on 
page 29 undefined on input line 954.


Package natbib Warning: Citation `corrigallAssociationsLengthMusic2011' on page
 29 undefined on input line 954.


Package natbib Warning: Citation `parbery-clarkMusicalExperienceAging2011' on p
age 29 undefined on input line 954.


Package natbib Warning: Citation `straitMusicalTrainingEarly2012' on page 29 un
defined on input line 954.


Package natbib Warning: Citation `schellenbergMusicTrainingSpeech2015' on page 
29 undefined on input line 955.


Package natbib Warning: Citation `francoisMusicTrainingDevelopment2013' on page
 29 undefined on input line 957.


Package natbib Warning: Citation `morenoMusicalTrainingInfluences2009' on page 
29 undefined on input line 957.


Package natbib Warning: Citation `mehrTwoRandomizedTrials2013' on page 29 undef
ined on input line 957.


Package natbib Warning: Citation `talaminiMusiciansHaveBetter2017' on page 29 u
ndefined on input line 960.


Package natbib Warning: Citation `ettlingerImplicitMemoryMusic2011' on page 29 
undefined on input line 961.


Package natbib Warning: Citation `rohrmeierImplicitLearningAcquisition2012' on 
page 29 undefined on input line 961.


Package natbib Warning: Citation `hambrickDomainGeneralModelsExpertise2019' on 
page 29 undefined on input line 971.

[29]

Package natbib Warning: Citation `berzWorkingMemoryMusic1995' on page 30 undefi
ned on input line 974.


Package natbib Warning: Citation `meinzDeliberatePracticeNecessary2010' on page
 30 undefined on input line 976.


Package natbib Warning: Citation `kopiezDynamicModelSkills2006' on page 30 unde
fined on input line 977.


Package natbib Warning: Citation `kopiezGeneralModelSkills2008' on page 30 unde
fined on input line 977.


Package natbib Warning: Citation `halpernEffectsTimbreTempo2008' on page 30 und
efined on input line 978.


Package natbib Warning: Citation `nicholsScoreOneJazz2018b' on page 30 undefine
d on input line 978.


Package natbib Warning: Citation `okadaIndividualDifferencesMusical2018a' on pa
ge 30 undefined on input line 979.


Package natbib Warning: Citation `halpernMemoryMelodies2010' on page 30 undefin
ed on input line 990.


Package natbib Warning: Citation `berzWorkingMemoryMusic1995' on page 30 undefi
ned on input line 1000.


Package natbib Warning: Citation `cowanMagicalMysteryFour2010' on page 30 undef
ined on input line 1001.


Package natbib Warning: Citation `unsworthAutomatedVersionOperation2005' on pag
e 30 undefined on input line 1001.


Package natbib Warning: Citation `kovacsProcessOverlapTheory2016' on page 30 un
defined on input line 1002.


Package natbib Warning: Citation `okadaIndividualDifferencesMusical2018a' on pa
ge 30 undefined on input line 1003.

[30]

Package natbib Warning: Citation `unsworthComplexWorkingMemory2009' on page 31 
undefined on input line 1046.


Package natbib Warning: Citation `unsworthComplexWorkingMemory2009' on page 31 
undefined on input line 1048.

[31]

Package natbib Warning: Citation `mullensiefenMusicalityNonMusiciansIndex2014' 
on page 32 undefined on input line 1057.


Package natbib Warning: Citation `unsworthAutomatedVersionOperation2005' on pag
e 32 undefined on input line 1063.


Package natbib Warning: Citation `liEstimatingWorkingMemory2013' on page 32 und
efined on input line 1064.


Package natbib Warning: Citation `unsworthAutomatedVersionOperation2005' on pag
e 32 undefined on input line 1076.


Package natbib Warning: Citation `unsworthAutomatedVersionOperation2005' on pag
e 32 undefined on input line 1088.


Package natbib Warning: Citation `mullensiefenMusicalityNonMusiciansIndex2014' 
on page 32 undefined on input line 1100.

[32]

Package natbib Warning: Citation `mullensiefenMusicalityNonMusiciansIndex2014' 
on page 33 undefined on input line 1111.


Package natbib Warning: Citation `thurstonePrimaryMentalAbilities1938' on page 
33 undefined on input line 1124.


Package natbib Warning: Citation `ravenManualRavenProgressive1994' on page 33 u
ndefined on input line 1129.


Package natbib Warning: Citation `fieldDiscoveringStatisticsUsing2012' on page 
33 undefined on input line 1160.

[33]

Package natbib Warning: Citation `rosseelLavaanPackageStructural2012' on page 3
4 undefined on input line 1168.


Package natbib Warning: Citation `teamLanguageEnvironmentStatistical2015' on pa
ge 34 undefined on input line 1168.

File: img/measurementModel.png Graphic file (type QTm)
<use  "img/measurementModel.png" > [34]
Missing character: There is no  in font [lmroman10-regular]:mapping=tex-text;!
Missing character: There is no  in font [lmroman10-regular]:mapping=tex-text;!
Missing character: There is no  in font [lmroman10-regular]:mapping=tex-text;!
Missing character: There is no  in font [lmroman10-regular]:mapping=tex-text;!
Missing character: There is no  in font [lmroman10-regular]:mapping=tex-text;!

Package natbib Warning: Citation `mullensiefenMusicalityNonMusiciansIndex2014' 
on page 35 undefined on input line 1234.

Missing character: There is no  in font [lmroman10-regular]:mapping=tex-text;!
File: img/sem1.png Graphic file (type QTm)
<use  "img/sem1.png" >
Underfull \vbox (badness 10000) has occurred while \output is active []

[35]
File: img/sem2.png Graphic file (type QTm)
<use  "img/sem2.png" >
File: img/sem3.png Graphic file (type QTm)
<use  "img/sem3.png" >
File: img/sem4.png Graphic file (type QTm)
<use  "img/sem4.png" >
File: img/sem5.png Graphic file (type QTm)
<use  "img/sem5.png" >

Package natbib Warning: Citation `mullensiefenMusicalityNonMusiciansIndex2014' 
on page 36 undefined on input line 1321.

[36] [37] [38] [39] [40]

Package natbib Warning: Citation `mullensiefenMusicalityNonMusiciansIndex2014' 
on page 41 undefined on input line 1334.


Package natbib Warning: Citation `kovacsProcessOverlapTheory2016' on page 41 un
defined on input line 1336.

[41] [42

]
Chapter 4.
[43]
Overfull \hbox (98.97504pt too wide) in alignment at lines 1444--1446
 [] 
 []


Overfull \hbox (98.97504pt too wide) in alignment at lines 1446--1456
 [] 
 []

[44] [45] [46] [47] [48] [49] [50

]
Chapter 5.
[51] [52]
Underfull \vbox (badness 10000) has occurred while \output is active []

[53]
Underfull \vbox (badness 10000) has occurred while \output is active []

[54]
Overfull \vbox (439.27985pt too high) has occurred while \output is active []


Overfull \hbox (28.924pt too wide) has occurred while \output is active
\TU/lmr/m/sl/10 5.1.  BRIEF REVIEW OF CHAPTER 4 ON CORPUS (LANGUAGE TO REFLECT 
JOURNAL SUBMISSION) \TU/lmr/m/n/10 55
 []

[55] [56

]
Chapter 6.
[57] [58]
Chapter 7.

Package natbib Warning: Citation `wigginsModelsMusicalSimilarity2007' on page 5
9 undefined on input line 2113.


Package natbib Warning: Citation `pearceStatisticalLearningProbabilistic2018a' 
on page 59 undefined on input line 2118.


Package natbib Warning: Citation `saffranStatisticalLearningTone1999' on page 5
9 undefined on input line 2120.


Package natbib Warning: Citation `margulisRepeatHowMusic2014' on page 59 undefi
ned on input line 2120.


Package natbib Warning: Citation `huronSweetAnticipation2006' on page 59 undefi
ned on input line 2121.


Package natbib Warning: Citation `karpinskiAuralSkillsAcquisition2000' on page 
59 undefined on input line 2127.


Package natbib Warning: Citation `karpinskiModelMusicPerception1990' on page 59
 undefined on input line 2127.


Package natbib Warning: Citation `pearceConstructionEvaluationStatistical2005' 
on page 59 undefined on input line 2133.


Package natbib Warning: Citation `cowanEvolvingConceptionsMemory1988' on page 5
9 undefined on input line 2133.


Package natbib Warning: Citation `cowanMagicalMysteryFour2010' on page 59 undef
ined on input line 2133.


Package natbib Warning: Citation `lerdahlGenerativeTheoryTonal1986' on page 59 
undefined on input line 2135.


Package natbib Warning: Citation `narmourAnalysisCognitionBasic1990' on page 59
 undefined on input line 2135.


Package natbib Warning: Citation `narmourAnalysisCognitionMelodic1992' on page 
59 undefined on input line 2135.


Package natbib Warning: Citation `temperleyCognitionBasicMusical2004' on page 5
9 undefined on input line 2135.

[59

]

Package natbib Warning: Citation `schenkerFreieSatz1935' on page 60 undefined o
n input line 2173.


Package natbib Warning: Citation `lerdahlGenerativeTheoryTonal1986' on page 60 
undefined on input line 2173.


Package natbib Warning: Citation `mcdermottIndifferenceDissonanceNative2016' on
 page 60 undefined on input line 2174.


Package natbib Warning: Citation `savageStatisticalUniversalsReveal2015' on pag
e 60 undefined on input line 2174.


Package natbib Warning: Citation `krumhanslCognitiveFoundationsMusical2001' on 
page 60 undefined on input line 2178.


Package natbib Warning: Citation `levitinCurrentAdvancesCognitive2009' on page 
60 undefined on input line 2178.


Package natbib Warning: Citation `pearceStatisticalLearningProbabilistic2018a' 
on page 60 undefined on input line 2180.

[60]

Package natbib Warning: Citation `pearceConstructionEvaluationStatistical2005' 
on page 61 undefined on input line 2188.


Package natbib Warning: Citation `pearceStatisticalLearningProbabilistic2018a' 
on page 61 undefined on input line 2188.


Package natbib Warning: Citation `shannonMathematicalTheoryCommunication1948' o
n page 61 undefined on input line 2201.


Package natbib Warning: Citation `pearceStatisticalLearningProbabilistic2018a' 
on page 61 undefined on input line 2202.


Package natbib Warning: Citation `harrisonDissociatingSensoryCognitive2018' on 
page 61 undefined on input line 2202.


Package natbib Warning: Citation `bigandEmpiricalEvidenceMusical2014' on page 6
1 undefined on input line 2202.


Package natbib Warning: Citation `sauvePredictionPolyphonyModelling2017' on pag
e 61 undefined on input line 2202.


Package natbib Warning: Citation `lerdahlGenerativeTheoryTonal1986' on page 61 
undefined on input line 2211.


Package natbib Warning: Citation `margulisModelMelodicExpectation2005' on page 
61 undefined on input line 2211.


Package natbib Warning: Citation `narmourAnalysisCognitionBasic1990' on page 61
 undefined on input line 2211.


Package natbib Warning: Citation `narmourAnalysisCognitionMelodic1992' on page 
61 undefined on input line 2211.


Package natbib Warning: Citation `pearceStatisticalLearningProbabilistic2018a' 
on page 61 undefined on input line 2211.


Package natbib Warning: Citation `shannonMathematicalTheoryCommunication1948' o
n page 61 undefined on input line 2216.


Package natbib Warning: Citation `pearceStatisticalLearningProbabilistic2018a' 
on page 61 undefined on input line 2217.


Package natbib Warning: Citation `schaffrathEssenFolkSong1995' on page 61 undef
ined on input line 2217.

[61]
File: img/SchubertF.pdf Graphic file (type QTm)
<use  "img/SchubertF.pdf" >
File: img/cumSchubert.jpeg Graphic file (type QTm)
<use  "img/cumSchubert.jpeg" > [62]

Package natbib Warning: Citation `cowanEvolvingConceptionsMemory1988' on page 6
3 undefined on input line 2250.


Package natbib Warning: Citation `cowanMagicalMysteryFour2010' on page 63 undef
ined on input line 2250.


Package natbib Warning: Citation `cowanEvolvingConceptionsMemory1988' on page 6
3 undefined on input line 2261.


Package natbib Warning: Citation `cowanMagicalMysteryFour2010' on page 63 undef
ined on input line 2261.


Package natbib Warning: Citation `baddeleyWorkingMemory1974' on page 63 undefin
ed on input line 2262.


Package natbib Warning: Citation `karpinskiAuralSkillsAcquisition2000' on page 
63 undefined on input line 2286.

[63]
Underfull \vbox (badness 4967) has occurred while \output is active []

[64]
File: img/Model.pdf Graphic file (type QTm)
<use  "img/Model.pdf" >
File: img/Model Graphic.pdf Graphic file (type QTm)
<use  "img/Model Graphic.pdf" > [65] [66] [67] [68]
Chapter 8.

Package natbib Warning: Citation `margulisModelMelodicExpectation2005' on page 
69 undefined on input line 2451.


Package natbib Warning: Citation `nicholsScoreOneJazz2018' on page 69 undefined
 on input line 2453.


Package natbib Warning: Citation `NASM201718HandbookPdf2018' on page 69 undefin
ed on input line 2455.


Package natbib Warning: Citation `schumann1860musikalische' on page 69 undefine
d on input line 2457.


Package natbib Warning: Citation `smith1934solfege' on page 69 undefined on inp
ut line 2459.


Package natbib Warning: Citation `longRelationshipsPitchMemory1977' on page 69 
undefined on input line 2461.


Package natbib Warning: Citation `taylorStrategiesMemoryShort1983' on page 69 u
ndefined on input line 2463.


Package natbib Warning: Citation `tallaricoStudyThreePhase1974' on page 69 unde
fined on input line 2465.


Package natbib Warning: Citation `ouraConstructingRepresentationMelody1991a' on
 page 69 undefined on input line 2467.


Package natbib Warning: Citation `buonviriExplorationUndergraduateMusic2014' on
 page 69 undefined on input line 2469.


Package natbib Warning: Citation `buonviriEffectsPreparatorySinging2015' on pag
e 69 undefined on input line 2471.


Package natbib Warning: Citation `buonviriEffectsMusicNotation2015' on page 69 
undefined on input line 2473.


Package natbib Warning: Citation `buonviriEffectsTwoListening2017' on page 69 u
ndefined on input line 2475.


Package natbib Warning: Citation `buonviriMelodicDictationInstruction2015' on p
age 69 undefined on input line 2477.


Package natbib Warning: Citation `davidbutlerWhyGulfMusic1997a' on page 69 unde
fined on input line 2479.


Package natbib Warning: Citation `furbyEffectsPeerTutoring2016' on page 69 unde
fined on input line 2481.


Package natbib Warning: Citation `pembrookInterferenceTranscriptionProcess1986'
 on page 69 undefined on input line 2483.


Package natbib Warning: Citation `paneyEffectDirectingAttention2016' on page 69
 undefined on input line 2485.


Package natbib Warning: Citation `fournierCognitiveStrategiesSightsinging2017a'
 on page 69 undefined on input line 2487.


Package natbib Warning: Citation `berzWorkingMemoryMusic' on page 69 undefined 
on input line 2489.


Package natbib Warning: Citation `atkinsonSomeThoughtsOnTrying' on page 69 unde
fined on input line 2491.


Package natbib Warning: Citation `klonoskiPerceptualLearningHierarchy2000' on p
age 69 undefined on input line 2493.


Package natbib Warning: Citation `klonoskiImprovingDictationAuralSkills2006' on
 page 69 undefined on input line 2495.

[69

]

Package natbib Warning: Citation `pembrookSendHelpAural1990' on page 70 undefin
ed on input line 2497.


Package natbib Warning: Citation `karpinskiModelMelodicPerception1990' on page 
70 undefined on input line 2499.


Package natbib Warning: Citation `potterIdentifyingSucessfulDictation1990' on p
age 70 undefined on input line 2501.


Package natbib Warning: Citation `cowanWorkingMemoryCapacity2005' on page 70 un
defined on input line 2509.


Package natbib Warning: Citation `ockelfordMusicModuleWorking2007' on page 70 u
ndefined on input line 2511.

(./mmd-draft-djb.bbl [70] [71

] [72] [73] [74] [75] [76] [77])

Package natbib Warning: There were undefined citations.

Package atveryend Info: Empty hook `BeforeClearDocument' on input line 2517.
[78]
Package atveryend Info: Empty hook `AfterLastShipout' on input line 2517.
(./mmd-draft-djb.aux

Package natbib Warning: Citation(s) may have changed.
(natbib)                Rerun to get citations correct.


! Package natbib Error: Bibliography not compatible with author-year citations.

(natbib)                Press <return> to continue in numerical citation style.


See the natbib package documentation for explanation.
Type  H <return>  for immediate help.
 ...                                              
                                                  
l.828 ...and\NAT@force@numbers{}\NAT@force@numbers
                                                   
Here is how much of TeX's memory you used:
 22607 strings out of 493005
 425519 string characters out of 6134596
 536945 words of memory out of 5000000
 26297 multiletter control sequences out of 15000+600000
 24434 words of font info for 61 fonts, out of 8000000 for 9000
 1348 hyphenation exceptions out of 8191
 41i,8n,68p,10411b,861s stack positions out of 5000i,500n,10000p,200000b,80000s

Output written on mmd-draft-djb.pdf (78 pages).
